<?xml version="1.0" encoding="UTF-8"?>
<testng-results ignored="0" total="1" passed="1" failed="0" skipped="0">
  <reporter-output>
  </reporter-output>
  <suite started-at="2025-02-19T01:22:31 IST" name="First" finished-at="2025-02-19T01:23:16 IST" duration-ms="44960">
    <groups>
    </groups>
    <test started-at="2025-02-19T01:22:31 IST" name="FirstTest" finished-at="2025-02-19T01:23:16 IST" duration-ms="44960">
      <class name="com.browserstack.FirstTest">
        <test-method is-config="true" signature="setUp(java.lang.String,java.lang.String)[pri:0, instance:com.browserstack.FirstTest@25a5c7db]" started-at="2025-02-19T01:22:31 IST" name="setUp" finished-at="2025-02-19T01:22:49 IST" duration-ms="17750" status="PASS">
          <params>
            <param index="0">
              <value>
                <![CDATA[run_first_test/first.conf.json]]>
              </value>
            </param>
            <param index="1">
              <value>
                <![CDATA[0]]>
              </value>
            </param>
          </params>
          <reporter-output>
          </reporter-output>
        </test-method> <!-- setUp -->
        <test-method signature="test()[pri:0, instance:com.browserstack.FirstTest@25a5c7db]" started-at="2025-02-19T01:22:49 IST" name="test" finished-at="2025-02-19T01:23:02 IST" duration-ms="13337" status="PASS">
          <reporter-output>
          </reporter-output>
        </test-method> <!-- test -->
        <test-method is-config="true" signature="tearDown()[pri:0, instance:com.browserstack.FirstTest@25a5c7db]" started-at="2025-02-19T01:23:13 IST" name="tearDown" finished-at="2025-02-19T01:23:16 IST" duration-ms="3238" status="PASS">
          <reporter-output>
          </reporter-output>
        </test-method> <!-- tearDown -->
      </class> <!-- com.browserstack.FirstTest -->
    </test> <!-- FirstTest -->
  </suite> <!-- First -->
</testng-results>
